<?xml version="1.0" encoding="UTF-8"?>
<testng-results ignored="0" total="14" passed="14" failed="0" skipped="0">
  <reporter-output>
  </reporter-output>
  <suite started-at="2025-10-29T13:56:41 IST" name="Login Test Suite" finished-at="2025-10-29T14:00:14 IST" duration-ms="213053">
    <groups>
    </groups>
    <test started-at="2025-10-29T13:56:41 IST" name="Data Driven Tests" finished-at="2025-10-29T14:00:14 IST" duration-ms="213053">
      <class name="com.selenium.test.tests.LoginTest">
        <test-method is-config="true" signature="setUp(java.lang.String)[pri:0, instance:com.selenium.test.tests.LoginTest@43195e57]" started-at="2025-10-29T13:56:42 IST" name="setUp" finished-at="2025-10-29T13:56:45 IST" duration-ms="3033" status="PASS">
          <params>
            <param index="0">
              <value>
                <![CDATA[chrome]]>
              </value>
            </param>
          </params>
          <reporter-output>
          </reporter-output>
        </test-method> <!-- setUp -->
        <test-method signature="testLogin(java.util.Map)[pri:0, instance:com.selenium.test.tests.LoginTest@43195e57]" started-at="2025-10-29T13:56:45 IST" name="testLogin" data-provider="loginTestData" finished-at="2025-10-29T13:56:47 IST" duration-ms="1482" status="PASS">
          <params>
            <param index="0">
              <value>
                <![CDATA[{password=secret_sauce, expectedResult=success, testCase=Standard User Login, username=standard_user}]]>
              </value>
            </param>
          </params>
          <reporter-output>
          </reporter-output>
        </test-method> <!-- testLogin -->
        <test-method is-config="true" signature="cleanupTest()[pri:0, instance:com.selenium.test.tests.LoginTest@43195e57]" started-at="2025-10-29T13:56:47 IST" name="cleanupTest" finished-at="2025-10-29T13:56:57 IST" duration-ms="10429" status="PASS">
          <reporter-output>
          </reporter-output>
        </test-method> <!-- cleanupTest -->
        <test-method is-config="true" signature="tearDown()[pri:0, instance:com.selenium.test.tests.LoginTest@43195e57]" started-at="2025-10-29T13:56:57 IST" name="tearDown" finished-at="2025-10-29T13:56:57 IST" duration-ms="326" status="PASS">
          <reporter-output>
          </reporter-output>
        </test-method> <!-- tearDown -->
        <test-method is-config="true" signature="setUp(java.lang.String)[pri:0, instance:com.selenium.test.tests.LoginTest@43195e57]" started-at="2025-10-29T13:56:57 IST" name="setUp" finished-at="2025-10-29T13:56:59 IST" duration-ms="1295" status="PASS">
          <params>
            <param index="0">
              <value>
                <![CDATA[chrome]]>
              </value>
            </param>
          </params>
          <reporter-output>
          </reporter-output>
        </test-method> <!-- setUp -->
        <test-method signature="testLogin(java.util.Map)[pri:0, instance:com.selenium.test.tests.LoginTest@43195e57]" started-at="2025-10-29T13:56:59 IST" name="testLogin" data-provider="loginTestData" finished-at="2025-10-29T13:57:00 IST" duration-ms="1190" status="PASS">
          <params>
            <param index="0">
              <value>
                <![CDATA[{password=secret_sauce, expectedResult=Epic sadface: Sorry, this user has been locked out., testCase=Locked Out User, username=locked_out_user}]]>
              </value>
            </param>
          </params>
          <reporter-output>
          </reporter-output>
        </test-method> <!-- testLogin -->
        <test-method is-config="true" signature="cleanupTest()[pri:0, instance:com.selenium.test.tests.LoginTest@43195e57]" started-at="2025-10-29T13:57:00 IST" name="cleanupTest" finished-at="2025-10-29T13:57:10 IST" duration-ms="10408" status="PASS">
          <reporter-output>
          </reporter-output>
        </test-method> <!-- cleanupTest -->
        <test-method is-config="true" signature="tearDown()[pri:0, instance:com.selenium.test.tests.LoginTest@43195e57]" started-at="2025-10-29T13:57:10 IST" name="tearDown" finished-at="2025-10-29T13:57:12 IST" duration-ms="1794" status="PASS">
          <reporter-output>
          </reporter-output>
        </test-method> <!-- tearDown -->
        <test-method is-config="true" signature="setUp(java.lang.String)[pri:0, instance:com.selenium.test.tests.LoginTest@43195e57]" started-at="2025-10-29T13:57:12 IST" name="setUp" finished-at="2025-10-29T13:57:14 IST" duration-ms="1498" status="PASS">
          <params>
            <param index="0">
              <value>
                <![CDATA[chrome]]>
              </value>
            </param>
          </params>
          <reporter-output>
          </reporter-output>
        </test-method> <!-- setUp -->
        <test-method signature="testLogin(java.util.Map)[pri:0, instance:com.selenium.test.tests.LoginTest@43195e57]" started-at="2025-10-29T13:57:14 IST" name="testLogin" data-provider="loginTestData" finished-at="2025-10-29T13:57:15 IST" duration-ms="1195" status="PASS">
          <params>
            <param index="0">
              <value>
                <![CDATA[{password=secret_sauce, expectedResult=success, testCase=Problem User, username=problem_user}]]>
              </value>
            </param>
          </params>
          <reporter-output>
          </reporter-output>
        </test-method> <!-- testLogin -->
        <test-method is-config="true" signature="cleanupTest()[pri:0, instance:com.selenium.test.tests.LoginTest@43195e57]" started-at="2025-10-29T13:57:15 IST" name="cleanupTest" finished-at="2025-10-29T13:57:25 IST" duration-ms="10392" status="PASS">
          <reporter-output>
          </reporter-output>
        </test-method> <!-- cleanupTest -->
        <test-method is-config="true" signature="tearDown()[pri:0, instance:com.selenium.test.tests.LoginTest@43195e57]" started-at="2025-10-29T13:57:25 IST" name="tearDown" finished-at="2025-10-29T13:57:25 IST" duration-ms="266" status="PASS">
          <reporter-output>
          </reporter-output>
        </test-method> <!-- tearDown -->
        <test-method is-config="true" signature="setUp(java.lang.String)[pri:0, instance:com.selenium.test.tests.LoginTest@43195e57]" started-at="2025-10-29T13:57:25 IST" name="setUp" finished-at="2025-10-29T13:57:27 IST" duration-ms="1214" status="PASS">
          <params>
            <param index="0">
              <value>
                <![CDATA[chrome]]>
              </value>
            </param>
          </params>
          <reporter-output>
          </reporter-output>
        </test-method> <!-- setUp -->
        <test-method signature="testLogin(java.util.Map)[pri:0, instance:com.selenium.test.tests.LoginTest@43195e57]" started-at="2025-10-29T13:57:27 IST" name="testLogin" data-provider="loginTestData" finished-at="2025-10-29T13:57:34 IST" duration-ms="7504" status="PASS">
          <params>
            <param index="0">
              <value>
                <![CDATA[{password=secret_sauce, expectedResult=success, testCase=Performance Glitch User, username=performance_glitch_user}]]>
              </value>
            </param>
          </params>
          <reporter-output>
          </reporter-output>
        </test-method> <!-- testLogin -->
        <test-method is-config="true" signature="cleanupTest()[pri:0, instance:com.selenium.test.tests.LoginTest@43195e57]" started-at="2025-10-29T13:57:34 IST" name="cleanupTest" finished-at="2025-10-29T13:57:50 IST" duration-ms="15485" status="PASS">
          <reporter-output>
          </reporter-output>
        </test-method> <!-- cleanupTest -->
        <test-method is-config="true" signature="tearDown()[pri:0, instance:com.selenium.test.tests.LoginTest@43195e57]" started-at="2025-10-29T13:57:50 IST" name="tearDown" finished-at="2025-10-29T13:57:50 IST" duration-ms="315" status="PASS">
          <reporter-output>
          </reporter-output>
        </test-method> <!-- tearDown -->
        <test-method is-config="true" signature="setUp(java.lang.String)[pri:0, instance:com.selenium.test.tests.LoginTest@43195e57]" started-at="2025-10-29T13:57:50 IST" name="setUp" finished-at="2025-10-29T13:57:51 IST" duration-ms="1459" status="PASS">
          <params>
            <param index="0">
              <value>
                <![CDATA[chrome]]>
              </value>
            </param>
          </params>
          <reporter-output>
          </reporter-output>
        </test-method> <!-- setUp -->
        <test-method signature="testLogin(java.util.Map)[pri:0, instance:com.selenium.test.tests.LoginTest@43195e57]" started-at="2025-10-29T13:57:51 IST" name="testLogin" data-provider="loginTestData" finished-at="2025-10-29T13:57:53 IST" duration-ms="1241" status="PASS">
          <params>
            <param index="0">
              <value>
                <![CDATA[{password=, expectedResult=Epic sadface: Username is required, testCase=Empty Credentials, username=}]]>
              </value>
            </param>
          </params>
          <reporter-output>
          </reporter-output>
        </test-method> <!-- testLogin -->
        <test-method is-config="true" signature="cleanupTest()[pri:0, instance:com.selenium.test.tests.LoginTest@43195e57]" started-at="2025-10-29T13:57:53 IST" name="cleanupTest" finished-at="2025-10-29T13:58:03 IST" duration-ms="10320" status="PASS">
          <reporter-output>
          </reporter-output>
        </test-method> <!-- cleanupTest -->
        <test-method is-config="true" signature="tearDown()[pri:0, instance:com.selenium.test.tests.LoginTest@43195e57]" started-at="2025-10-29T13:58:03 IST" name="tearDown" finished-at="2025-10-29T13:58:03 IST" duration-ms="257" status="PASS">
          <reporter-output>
          </reporter-output>
        </test-method> <!-- tearDown -->
        <test-method is-config="true" signature="setUp(java.lang.String)[pri:0, instance:com.selenium.test.tests.LoginTest@43195e57]" started-at="2025-10-29T13:58:03 IST" name="setUp" finished-at="2025-10-29T13:58:05 IST" duration-ms="1373" status="PASS">
          <params>
            <param index="0">
              <value>
                <![CDATA[chrome]]>
              </value>
            </param>
          </params>
          <reporter-output>
          </reporter-output>
        </test-method> <!-- setUp -->
        <test-method signature="testLogin(java.util.Map)[pri:0, instance:com.selenium.test.tests.LoginTest@43195e57]" started-at="2025-10-29T13:58:05 IST" name="testLogin" data-provider="loginTestData" finished-at="2025-10-29T13:58:06 IST" duration-ms="1612" status="PASS">
          <params>
            <param index="0">
              <value>
                <![CDATA[{password=wrongpass, expectedResult=Epic sadface: Username and password do not match any user in this service, testCase=Invalid Password, username=standard_user}]]>
              </value>
            </param>
          </params>
          <reporter-output>
          </reporter-output>
        </test-method> <!-- testLogin -->
        <test-method is-config="true" signature="cleanupTest()[pri:0, instance:com.selenium.test.tests.LoginTest@43195e57]" started-at="2025-10-29T13:58:06 IST" name="cleanupTest" finished-at="2025-10-29T13:58:17 IST" duration-ms="10723" status="PASS">
          <reporter-output>
          </reporter-output>
        </test-method> <!-- cleanupTest -->
        <test-method is-config="true" signature="tearDown()[pri:0, instance:com.selenium.test.tests.LoginTest@43195e57]" started-at="2025-10-29T13:58:17 IST" name="tearDown" finished-at="2025-10-29T13:58:17 IST" duration-ms="265" status="PASS">
          <reporter-output>
          </reporter-output>
        </test-method> <!-- tearDown -->
        <test-method is-config="true" signature="setUp(java.lang.String)[pri:0, instance:com.selenium.test.tests.LoginTest@43195e57]" started-at="2025-10-29T13:58:17 IST" name="setUp" finished-at="2025-10-29T13:58:18 IST" duration-ms="1221" status="PASS">
          <params>
            <param index="0">
              <value>
                <![CDATA[chrome]]>
              </value>
            </param>
          </params>
          <reporter-output>
          </reporter-output>
        </test-method> <!-- setUp -->
        <test-method signature="testLogin(java.util.Map)[pri:0, instance:com.selenium.test.tests.LoginTest@43195e57]" started-at="2025-10-29T13:58:18 IST" name="testLogin" data-provider="loginTestData" finished-at="2025-10-29T13:58:20 IST" duration-ms="1355" status="PASS">
          <params>
            <param index="0">
              <value>
                <![CDATA[{password=secret_sauce, expectedResult=Epic sadface: Username and password do not match any user in this service, testCase=Invalid Username, username=invalid_user}]]>
              </value>
            </param>
          </params>
          <reporter-output>
          </reporter-output>
        </test-method> <!-- testLogin -->
        <test-method is-config="true" signature="cleanupTest()[pri:0, instance:com.selenium.test.tests.LoginTest@43195e57]" started-at="2025-10-29T13:58:20 IST" name="cleanupTest" finished-at="2025-10-29T13:58:30 IST" duration-ms="10382" status="PASS">
          <reporter-output>
          </reporter-output>
        </test-method> <!-- cleanupTest -->
        <test-method is-config="true" signature="tearDown()[pri:0, instance:com.selenium.test.tests.LoginTest@43195e57]" started-at="2025-10-29T13:58:30 IST" name="tearDown" finished-at="2025-10-29T13:58:30 IST" duration-ms="236" status="PASS">
          <reporter-output>
          </reporter-output>
        </test-method> <!-- tearDown -->
        <test-method is-config="true" signature="setUp(java.lang.String)[pri:0, instance:com.selenium.test.tests.LoginTest@43195e57]" started-at="2025-10-29T13:58:30 IST" name="setUp" finished-at="2025-10-29T13:58:32 IST" duration-ms="1323" status="PASS">
          <params>
            <param index="0">
              <value>
                <![CDATA[chrome]]>
              </value>
            </param>
          </params>
          <reporter-output>
          </reporter-output>
        </test-method> <!-- setUp -->
        <test-method signature="testLoginFieldValidation(java.util.Map)[pri:0, instance:com.selenium.test.tests.LoginTest@43195e57]" started-at="2025-10-29T13:58:32 IST" name="testLoginFieldValidation" data-provider="loginTestData" finished-at="2025-10-29T13:58:35 IST" duration-ms="2760" status="PASS">
          <params>
            <param index="0">
              <value>
                <![CDATA[{password=secret_sauce, expectedResult=success, testCase=Standard User Login, username=standard_user}]]>
              </value>
            </param>
          </params>
          <reporter-output>
          </reporter-output>
        </test-method> <!-- testLoginFieldValidation -->
        <test-method is-config="true" signature="cleanupTest()[pri:0, instance:com.selenium.test.tests.LoginTest@43195e57]" started-at="2025-10-29T13:58:35 IST" name="cleanupTest" finished-at="2025-10-29T13:58:45 IST" duration-ms="10645" status="PASS">
          <reporter-output>
          </reporter-output>
        </test-method> <!-- cleanupTest -->
        <test-method is-config="true" signature="tearDown()[pri:0, instance:com.selenium.test.tests.LoginTest@43195e57]" started-at="2025-10-29T13:58:45 IST" name="tearDown" finished-at="2025-10-29T13:58:47 IST" duration-ms="1873" status="PASS">
          <reporter-output>
          </reporter-output>
        </test-method> <!-- tearDown -->
        <test-method is-config="true" signature="setUp(java.lang.String)[pri:0, instance:com.selenium.test.tests.LoginTest@43195e57]" started-at="2025-10-29T13:58:47 IST" name="setUp" finished-at="2025-10-29T13:58:48 IST" duration-ms="1437" status="PASS">
          <params>
            <param index="0">
              <value>
                <![CDATA[chrome]]>
              </value>
            </param>
          </params>
          <reporter-output>
          </reporter-output>
        </test-method> <!-- setUp -->
        <test-method signature="testLoginFieldValidation(java.util.Map)[pri:0, instance:com.selenium.test.tests.LoginTest@43195e57]" started-at="2025-10-29T13:58:48 IST" name="testLoginFieldValidation" data-provider="loginTestData" finished-at="2025-10-29T13:58:50 IST" duration-ms="1097" status="PASS">
          <params>
            <param index="0">
              <value>
                <![CDATA[{password=secret_sauce, expectedResult=Epic sadface: Sorry, this user has been locked out., testCase=Locked Out User, username=locked_out_user}]]>
              </value>
            </param>
          </params>
          <reporter-output>
          </reporter-output>
        </test-method> <!-- testLoginFieldValidation -->
        <test-method is-config="true" signature="cleanupTest()[pri:0, instance:com.selenium.test.tests.LoginTest@43195e57]" started-at="2025-10-29T13:58:50 IST" name="cleanupTest" finished-at="2025-10-29T13:59:00 IST" duration-ms="10491" status="PASS">
          <reporter-output>
          </reporter-output>
        </test-method> <!-- cleanupTest -->
        <test-method is-config="true" signature="tearDown()[pri:0, instance:com.selenium.test.tests.LoginTest@43195e57]" started-at="2025-10-29T13:59:00 IST" name="tearDown" finished-at="2025-10-29T13:59:00 IST" duration-ms="247" status="PASS">
          <reporter-output>
          </reporter-output>
        </test-method> <!-- tearDown -->
        <test-method is-config="true" signature="setUp(java.lang.String)[pri:0, instance:com.selenium.test.tests.LoginTest@43195e57]" started-at="2025-10-29T13:59:00 IST" name="setUp" finished-at="2025-10-29T13:59:02 IST" duration-ms="1286" status="PASS">
          <params>
            <param index="0">
              <value>
                <![CDATA[chrome]]>
              </value>
            </param>
          </params>
          <reporter-output>
          </reporter-output>
        </test-method> <!-- setUp -->
        <test-method signature="testLoginFieldValidation(java.util.Map)[pri:0, instance:com.selenium.test.tests.LoginTest@43195e57]" started-at="2025-10-29T13:59:02 IST" name="testLoginFieldValidation" data-provider="loginTestData" finished-at="2025-10-29T13:59:03 IST" duration-ms="1006" status="PASS">
          <params>
            <param index="0">
              <value>
                <![CDATA[{password=secret_sauce, expectedResult=success, testCase=Problem User, username=problem_user}]]>
              </value>
            </param>
          </params>
          <reporter-output>
          </reporter-output>
        </test-method> <!-- testLoginFieldValidation -->
        <test-method is-config="true" signature="cleanupTest()[pri:0, instance:com.selenium.test.tests.LoginTest@43195e57]" started-at="2025-10-29T13:59:03 IST" name="cleanupTest" finished-at="2025-10-29T13:59:13 IST" duration-ms="10366" status="PASS">
          <reporter-output>
          </reporter-output>
        </test-method> <!-- cleanupTest -->
        <test-method is-config="true" signature="tearDown()[pri:0, instance:com.selenium.test.tests.LoginTest@43195e57]" started-at="2025-10-29T13:59:13 IST" name="tearDown" finished-at="2025-10-29T13:59:13 IST" duration-ms="307" status="PASS">
          <reporter-output>
          </reporter-output>
        </test-method> <!-- tearDown -->
        <test-method is-config="true" signature="setUp(java.lang.String)[pri:0, instance:com.selenium.test.tests.LoginTest@43195e57]" started-at="2025-10-29T13:59:13 IST" name="setUp" finished-at="2025-10-29T13:59:15 IST" duration-ms="1353" status="PASS">
          <params>
            <param index="0">
              <value>
                <![CDATA[chrome]]>
              </value>
            </param>
          </params>
          <reporter-output>
          </reporter-output>
        </test-method> <!-- setUp -->
        <test-method signature="testLoginFieldValidation(java.util.Map)[pri:0, instance:com.selenium.test.tests.LoginTest@43195e57]" started-at="2025-10-29T13:59:15 IST" name="testLoginFieldValidation" data-provider="loginTestData" finished-at="2025-10-29T13:59:16 IST" duration-ms="1114" status="PASS">
          <params>
            <param index="0">
              <value>
                <![CDATA[{password=secret_sauce, expectedResult=success, testCase=Performance Glitch User, username=performance_glitch_user}]]>
              </value>
            </param>
          </params>
          <reporter-output>
          </reporter-output>
        </test-method> <!-- testLoginFieldValidation -->
        <test-method is-config="true" signature="cleanupTest()[pri:0, instance:com.selenium.test.tests.LoginTest@43195e57]" started-at="2025-10-29T13:59:16 IST" name="cleanupTest" finished-at="2025-10-29T13:59:26 IST" duration-ms="10477" status="PASS">
          <reporter-output>
          </reporter-output>
        </test-method> <!-- cleanupTest -->
        <test-method is-config="true" signature="tearDown()[pri:0, instance:com.selenium.test.tests.LoginTest@43195e57]" started-at="2025-10-29T13:59:26 IST" name="tearDown" finished-at="2025-10-29T13:59:29 IST" duration-ms="2876" status="PASS">
          <reporter-output>
          </reporter-output>
        </test-method> <!-- tearDown -->
        <test-method is-config="true" signature="setUp(java.lang.String)[pri:0, instance:com.selenium.test.tests.LoginTest@43195e57]" started-at="2025-10-29T13:59:29 IST" name="setUp" finished-at="2025-10-29T13:59:33 IST" duration-ms="3399" status="PASS">
          <params>
            <param index="0">
              <value>
                <![CDATA[chrome]]>
              </value>
            </param>
          </params>
          <reporter-output>
          </reporter-output>
        </test-method> <!-- setUp -->
        <test-method signature="testLoginFieldValidation(java.util.Map)[pri:0, instance:com.selenium.test.tests.LoginTest@43195e57]" started-at="2025-10-29T13:59:33 IST" name="testLoginFieldValidation" data-provider="loginTestData" finished-at="2025-10-29T13:59:34 IST" duration-ms="1924" status="PASS">
          <params>
            <param index="0">
              <value>
                <![CDATA[{password=, expectedResult=Epic sadface: Username is required, testCase=Empty Credentials, username=}]]>
              </value>
            </param>
          </params>
          <reporter-output>
          </reporter-output>
        </test-method> <!-- testLoginFieldValidation -->
        <test-method is-config="true" signature="cleanupTest()[pri:0, instance:com.selenium.test.tests.LoginTest@43195e57]" started-at="2025-10-29T13:59:34 IST" name="cleanupTest" finished-at="2025-10-29T13:59:45 IST" duration-ms="10504" status="PASS">
          <reporter-output>
          </reporter-output>
        </test-method> <!-- cleanupTest -->
        <test-method is-config="true" signature="tearDown()[pri:0, instance:com.selenium.test.tests.LoginTest@43195e57]" started-at="2025-10-29T13:59:45 IST" name="tearDown" finished-at="2025-10-29T13:59:45 IST" duration-ms="212" status="PASS">
          <reporter-output>
          </reporter-output>
        </test-method> <!-- tearDown -->
        <test-method is-config="true" signature="setUp(java.lang.String)[pri:0, instance:com.selenium.test.tests.LoginTest@43195e57]" started-at="2025-10-29T13:59:45 IST" name="setUp" finished-at="2025-10-29T13:59:47 IST" duration-ms="1377" status="PASS">
          <params>
            <param index="0">
              <value>
                <![CDATA[chrome]]>
              </value>
            </param>
          </params>
          <reporter-output>
          </reporter-output>
        </test-method> <!-- setUp -->
        <test-method signature="testLoginFieldValidation(java.util.Map)[pri:0, instance:com.selenium.test.tests.LoginTest@43195e57]" started-at="2025-10-29T13:59:47 IST" name="testLoginFieldValidation" data-provider="loginTestData" finished-at="2025-10-29T13:59:47 IST" duration-ms="930" status="PASS">
          <params>
            <param index="0">
              <value>
                <![CDATA[{password=wrongpass, expectedResult=Epic sadface: Username and password do not match any user in this service, testCase=Invalid Password, username=standard_user}]]>
              </value>
            </param>
          </params>
          <reporter-output>
          </reporter-output>
        </test-method> <!-- testLoginFieldValidation -->
        <test-method is-config="true" signature="cleanupTest()[pri:0, instance:com.selenium.test.tests.LoginTest@43195e57]" started-at="2025-10-29T13:59:47 IST" name="cleanupTest" finished-at="2025-10-29T13:59:58 IST" duration-ms="10561" status="PASS">
          <reporter-output>
          </reporter-output>
        </test-method> <!-- cleanupTest -->
        <test-method is-config="true" signature="tearDown()[pri:0, instance:com.selenium.test.tests.LoginTest@43195e57]" started-at="2025-10-29T13:59:58 IST" name="tearDown" finished-at="2025-10-29T14:00:00 IST" duration-ms="1904" status="PASS">
          <reporter-output>
          </reporter-output>
        </test-method> <!-- tearDown -->
        <test-method is-config="true" signature="setUp(java.lang.String)[pri:0, instance:com.selenium.test.tests.LoginTest@43195e57]" started-at="2025-10-29T14:00:00 IST" name="setUp" finished-at="2025-10-29T14:00:01 IST" duration-ms="1388" status="PASS">
          <params>
            <param index="0">
              <value>
                <![CDATA[chrome]]>
              </value>
            </param>
          </params>
          <reporter-output>
          </reporter-output>
        </test-method> <!-- setUp -->
        <test-method signature="testLoginFieldValidation(java.util.Map)[pri:0, instance:com.selenium.test.tests.LoginTest@43195e57]" started-at="2025-10-29T14:00:01 IST" name="testLoginFieldValidation" data-provider="loginTestData" finished-at="2025-10-29T14:00:03 IST" duration-ms="1612" status="PASS">
          <params>
            <param index="0">
              <value>
                <![CDATA[{password=secret_sauce, expectedResult=Epic sadface: Username and password do not match any user in this service, testCase=Invalid Username, username=invalid_user}]]>
              </value>
            </param>
          </params>
          <reporter-output>
          </reporter-output>
        </test-method> <!-- testLoginFieldValidation -->
        <test-method is-config="true" signature="cleanupTest()[pri:0, instance:com.selenium.test.tests.LoginTest@43195e57]" started-at="2025-10-29T14:00:03 IST" name="cleanupTest" finished-at="2025-10-29T14:00:13 IST" duration-ms="10508" status="PASS">
          <reporter-output>
          </reporter-output>
        </test-method> <!-- cleanupTest -->
        <test-method is-config="true" signature="tearDown()[pri:0, instance:com.selenium.test.tests.LoginTest@43195e57]" started-at="2025-10-29T14:00:13 IST" name="tearDown" finished-at="2025-10-29T14:00:14 IST" duration-ms="242" status="PASS">
          <reporter-output>
          </reporter-output>
        </test-method> <!-- tearDown -->
      </class> <!-- com.selenium.test.tests.LoginTest -->
    </test> <!-- Data Driven Tests -->
  </suite> <!-- Login Test Suite -->
</testng-results>
