<?xml version="1.0" encoding="UTF-8"?>
<testsuite xmlns:xsi="http://www.w3.org/2001/XMLSchema-instance" xsi:noNamespaceSchemaLocation="https://maven.apache.org/surefire/maven-surefire-plugin/xsd/surefire-test-report-3.0.xsd" version="3.0" name="TestSuite" time="213.755" tests="14" errors="0" skipped="0" failures="0">
  <properties>
[...]
</properties>
  <testcase name="testLogin[{password=secret_sauce, expectedResult=success, testCase=Standard User Login, username=standard_user}](1)" classname="com.selenium.test.tests.LoginTest" time="1.481">
    <system-err><![CDATA[SLF4J: Failed to load class "org.slf4j.impl.StaticLoggerBinder".
SLF4J: Defaulting to no-operation (NOP) logger implementation
SLF4J: See http://www.slf4j.org/codes.html#StaticLoggerBinder for further details.
Oct 29, 2025 1:56:45 PM org.openqa.selenium.devtools.CdpVersionFinder findNearestMatch
WARNING: Unable to find CDP implementation matching 141
Oct 29, 2025 1:56:45 PM org.openqa.selenium.chromium.ChromiumDriver lambda$new$5
WARNING: Unable to find version of CDP to use for 141.0.7390.123. You may need to include a dependency on a specific version of the CDP using something similar to `org.seleniumhq.selenium:selenium-devtools-v86:4.18.1` where the version ("v86") matches the version of the chromium-based browser you're using and the version number of the artifact is the same as Selenium's.
]]></system-err>
  </testcase>
  <testcase name="testLogin[{password=secret_sauce, expectedResult=Epic sadface: Sorry, this user has been locked out., testCase=Locked Out User, username=locked_out_user}](2)" classname="com.selenium.test.tests.LoginTest" time="1.191">
    <system-err><![CDATA[Oct 29, 2025 1:56:59 PM org.openqa.selenium.devtools.CdpVersionFinder findNearestMatch
WARNING: Unable to find CDP implementation matching 141
Oct 29, 2025 1:56:59 PM org.openqa.selenium.chromium.ChromiumDriver lambda$new$5
WARNING: Unable to find version of CDP to use for 141.0.7390.123. You may need to include a dependency on a specific version of the CDP using something similar to `org.seleniumhq.selenium:selenium-devtools-v86:4.18.1` where the version ("v86") matches the version of the chromium-based browser you're using and the version number of the artifact is the same as Selenium's.
]]></system-err>
  </testcase>
  <testcase name="testLogin[{password=secret_sauce, expectedResult=success, testCase=Problem User, username=problem_user}](3)" classname="com.selenium.test.tests.LoginTest" time="1.194">
    <system-err><![CDATA[Oct 29, 2025 1:57:14 PM org.openqa.selenium.devtools.CdpVersionFinder findNearestMatch
WARNING: Unable to find CDP implementation matching 141
Oct 29, 2025 1:57:14 PM org.openqa.selenium.chromium.ChromiumDriver lambda$new$5
WARNING: Unable to find version of CDP to use for 141.0.7390.123. You may need to include a dependency on a specific version of the CDP using something similar to `org.seleniumhq.selenium:selenium-devtools-v86:4.18.1` where the version ("v86") matches the version of the chromium-based browser you're using and the version number of the artifact is the same as Selenium's.
]]></system-err>
  </testcase>
  <testcase name="testLogin[{password=secret_sauce, expectedResult=success, testCase=Performance Glitch User, username=performance_glitch_user}](4)" classname="com.selenium.test.tests.LoginTest" time="7.497">
    <system-err><![CDATA[Oct 29, 2025 1:57:27 PM org.openqa.selenium.devtools.CdpVersionFinder findNearestMatch
WARNING: Unable to find CDP implementation matching 141
Oct 29, 2025 1:57:27 PM org.openqa.selenium.chromium.ChromiumDriver lambda$new$5
WARNING: Unable to find version of CDP to use for 141.0.7390.123. You may need to include a dependency on a specific version of the CDP using something similar to `org.seleniumhq.selenium:selenium-devtools-v86:4.18.1` where the version ("v86") matches the version of the chromium-based browser you're using and the version number of the artifact is the same as Selenium's.
]]></system-err>
  </testcase>
  <testcase name="testLogin[{password=, expectedResult=Epic sadface: Username is required, testCase=Empty Credentials, username=}](5)" classname="com.selenium.test.tests.LoginTest" time="1.242">
    <system-err><![CDATA[Oct 29, 2025 1:57:51 PM org.openqa.selenium.devtools.CdpVersionFinder findNearestMatch
WARNING: Unable to find CDP implementation matching 141
Oct 29, 2025 1:57:51 PM org.openqa.selenium.chromium.ChromiumDriver lambda$new$5
WARNING: Unable to find version of CDP to use for 141.0.7390.123. You may need to include a dependency on a specific version of the CDP using something similar to `org.seleniumhq.selenium:selenium-devtools-v86:4.18.1` where the version ("v86") matches the version of the chromium-based browser you're using and the version number of the artifact is the same as Selenium's.
]]></system-err>
  </testcase>
  <testcase name="testLogin[{password=wrongpass, expectedResult=Epic sadface: Username and password do not match any user in this service, testCase=Invalid Password, username=standard_user}](6)" classname="com.selenium.test.tests.LoginTest" time="1.613">
    <system-err><![CDATA[Oct 29, 2025 1:58:05 PM org.openqa.selenium.devtools.CdpVersionFinder findNearestMatch
WARNING: Unable to find CDP implementation matching 141
Oct 29, 2025 1:58:05 PM org.openqa.selenium.chromium.ChromiumDriver lambda$new$5
WARNING: Unable to find version of CDP to use for 141.0.7390.123. You may need to include a dependency on a specific version of the CDP using something similar to `org.seleniumhq.selenium:selenium-devtools-v86:4.18.1` where the version ("v86") matches the version of the chromium-based browser you're using and the version number of the artifact is the same as Selenium's.
]]></system-err>
  </testcase>
  <testcase name="testLogin[{password=secret_sauce, expectedResult=Epic sadface: Username and password do not match any user in this service, testCase=Invalid Username, username=invalid_user}](7)" classname="com.selenium.test.tests.LoginTest" time="1.355">
    <system-err><![CDATA[Oct 29, 2025 1:58:18 PM org.openqa.selenium.devtools.CdpVersionFinder findNearestMatch
WARNING: Unable to find CDP implementation matching 141
Oct 29, 2025 1:58:18 PM org.openqa.selenium.chromium.ChromiumDriver lambda$new$5
WARNING: Unable to find version of CDP to use for 141.0.7390.123. You may need to include a dependency on a specific version of the CDP using something similar to `org.seleniumhq.selenium:selenium-devtools-v86:4.18.1` where the version ("v86") matches the version of the chromium-based browser you're using and the version number of the artifact is the same as Selenium's.
]]></system-err>
  </testcase>
  <testcase name="testLoginFieldValidation[{password=secret_sauce, expectedResult=success, testCase=Standard User Login, username=standard_user}](1)" classname="com.selenium.test.tests.LoginTest" time="2.756">
    <system-err><![CDATA[Oct 29, 2025 1:58:32 PM org.openqa.selenium.devtools.CdpVersionFinder findNearestMatch
WARNING: Unable to find CDP implementation matching 141
Oct 29, 2025 1:58:32 PM org.openqa.selenium.chromium.ChromiumDriver lambda$new$5
WARNING: Unable to find version of CDP to use for 141.0.7390.123. You may need to include a dependency on a specific version of the CDP using something similar to `org.seleniumhq.selenium:selenium-devtools-v86:4.18.1` where the version ("v86") matches the version of the chromium-based browser you're using and the version number of the artifact is the same as Selenium's.
]]></system-err>
  </testcase>
  <testcase name="testLoginFieldValidation[{password=secret_sauce, expectedResult=Epic sadface: Sorry, this user has been locked out., testCase=Locked Out User, username=locked_out_user}](2)" classname="com.selenium.test.tests.LoginTest" time="1.097">
    <system-err><![CDATA[Oct 29, 2025 1:58:48 PM org.openqa.selenium.devtools.CdpVersionFinder findNearestMatch
WARNING: Unable to find CDP implementation matching 141
Oct 29, 2025 1:58:48 PM org.openqa.selenium.chromium.ChromiumDriver lambda$new$5
WARNING: Unable to find version of CDP to use for 141.0.7390.123. You may need to include a dependency on a specific version of the CDP using something similar to `org.seleniumhq.selenium:selenium-devtools-v86:4.18.1` where the version ("v86") matches the version of the chromium-based browser you're using and the version number of the artifact is the same as Selenium's.
]]></system-err>
  </testcase>
  <testcase name="testLoginFieldValidation[{password=secret_sauce, expectedResult=success, testCase=Problem User, username=problem_user}](3)" classname="com.selenium.test.tests.LoginTest" time="1.001">
    <system-err><![CDATA[Oct 29, 2025 1:59:02 PM org.openqa.selenium.devtools.CdpVersionFinder findNearestMatch
WARNING: Unable to find CDP implementation matching 141
Oct 29, 2025 1:59:02 PM org.openqa.selenium.chromium.ChromiumDriver lambda$new$5
WARNING: Unable to find version of CDP to use for 141.0.7390.123. You may need to include a dependency on a specific version of the CDP using something similar to `org.seleniumhq.selenium:selenium-devtools-v86:4.18.1` where the version ("v86") matches the version of the chromium-based browser you're using and the version number of the artifact is the same as Selenium's.
]]></system-err>
  </testcase>
  <testcase name="testLoginFieldValidation[{password=secret_sauce, expectedResult=success, testCase=Performance Glitch User, username=performance_glitch_user}](4)" classname="com.selenium.test.tests.LoginTest" time="1.112">
    <system-err><![CDATA[Oct 29, 2025 1:59:15 PM org.openqa.selenium.devtools.CdpVersionFinder findNearestMatch
WARNING: Unable to find CDP implementation matching 141
Oct 29, 2025 1:59:15 PM org.openqa.selenium.chromium.ChromiumDriver lambda$new$5
WARNING: Unable to find version of CDP to use for 141.0.7390.123. You may need to include a dependency on a specific version of the CDP using something similar to `org.seleniumhq.selenium:selenium-devtools-v86:4.18.1` where the version ("v86") matches the version of the chromium-based browser you're using and the version number of the artifact is the same as Selenium's.
]]></system-err>
  </testcase>
  <testcase name="testLoginFieldValidation[{password=, expectedResult=Epic sadface: Username is required, testCase=Empty Credentials, username=}](5)" classname="com.selenium.test.tests.LoginTest" time="1.916">
    <system-err><![CDATA[Oct 29, 2025 1:59:32 PM org.openqa.selenium.devtools.CdpVersionFinder findNearestMatch
WARNING: Unable to find CDP implementation matching 141
Oct 29, 2025 1:59:32 PM org.openqa.selenium.chromium.ChromiumDriver lambda$new$5
WARNING: Unable to find version of CDP to use for 141.0.7390.123. You may need to include a dependency on a specific version of the CDP using something similar to `org.seleniumhq.selenium:selenium-devtools-v86:4.18.1` where the version ("v86") matches the version of the chromium-based browser you're using and the version number of the artifact is the same as Selenium's.
]]></system-err>
  </testcase>
  <testcase name="testLoginFieldValidation[{password=wrongpass, expectedResult=Epic sadface: Username and password do not match any user in this service, testCase=Invalid Password, username=standard_user}](6)" classname="com.selenium.test.tests.LoginTest" time="0.927">
    <system-err><![CDATA[Oct 29, 2025 1:59:47 PM org.openqa.selenium.devtools.CdpVersionFinder findNearestMatch
WARNING: Unable to find CDP implementation matching 141
Oct 29, 2025 1:59:47 PM org.openqa.selenium.chromium.ChromiumDriver lambda$new$5
WARNING: Unable to find version of CDP to use for 141.0.7390.123. You may need to include a dependency on a specific version of the CDP using something similar to `org.seleniumhq.selenium:selenium-devtools-v86:4.18.1` where the version ("v86") matches the version of the chromium-based browser you're using and the version number of the artifact is the same as Selenium's.
]]></system-err>
  </testcase>
  <testcase name="testLoginFieldValidation[{password=secret_sauce, expectedResult=Epic sadface: Username and password do not match any user in this service, testCase=Invalid Username, username=invalid_user}](7)" classname="com.selenium.test.tests.LoginTest" time="1.603">
    <system-err><![CDATA[Oct 29, 2025 2:00:01 PM org.openqa.selenium.devtools.CdpVersionFinder findNearestMatch
WARNING: Unable to find CDP implementation matching 141
Oct 29, 2025 2:00:01 PM org.openqa.selenium.chromium.ChromiumDriver lambda$new$5
WARNING: Unable to find version of CDP to use for 141.0.7390.123. You may need to include a dependency on a specific version of the CDP using something similar to `org.seleniumhq.selenium:selenium-devtools-v86:4.18.1` where the version ("v86") matches the version of the chromium-based browser you're using and the version number of the artifact is the same as Selenium's.
]]></system-err>
  </testcase>
</testsuite>