<?xml version="1.0" encoding="UTF-8"?>
<!-- Generated by org.testng.reporters.JUnitXMLReporter -->
<testsuite ignored="0" hostname="IN-PG051Z17" failures="0" tests="14" name="Data Driven Tests" time="213.053" errors="0" timestamp="2025-10-29T14:00:14 IST">
  <testcase classname="com.selenium.test.tests.LoginTest" name="testLogin" time="1.482"/>
  <testcase classname="com.selenium.test.tests.LoginTest" name="testLogin" time="1.19"/>
  <testcase classname="com.selenium.test.tests.LoginTest" name="testLogin" time="1.195"/>
  <testcase classname="com.selenium.test.tests.LoginTest" name="testLogin" time="7.504"/>
  <testcase classname="com.selenium.test.tests.LoginTest" name="testLogin" time="1.241"/>
  <testcase classname="com.selenium.test.tests.LoginTest" name="testLogin" time="1.612"/>
  <testcase classname="com.selenium.test.tests.LoginTest" name="testLogin" time="1.355"/>
  <testcase classname="com.selenium.test.tests.LoginTest" name="testLoginFieldValidation" time="2.76"/>
  <testcase classname="com.selenium.test.tests.LoginTest" name="testLoginFieldValidation" time="1.097"/>
  <testcase classname="com.selenium.test.tests.LoginTest" name="testLoginFieldValidation" time="1.006"/>
  <testcase classname="com.selenium.test.tests.LoginTest" name="testLoginFieldValidation" time="1.114"/>
  <testcase classname="com.selenium.test.tests.LoginTest" name="testLoginFieldValidation" time="1.924"/>
  <testcase classname="com.selenium.test.tests.LoginTest" name="testLoginFieldValidation" time="0.93"/>
  <testcase classname="com.selenium.test.tests.LoginTest" name="testLoginFieldValidation" time="1.612"/>
</testsuite> <!-- Data Driven Tests -->
