<?xml version="1.0" encoding="UTF-8"?>
<!-- Generated by org.testng.reporters.JUnitReportReporter -->
<testsuite hostname="IN-PG051Z17" failures="0" tests="14" name="com.selenium.test.tests.LoginTest" time="211.489" errors="0" timestamp="2025-10-29T14:00:14 IST" skipped="0">
  <testcase classname="com.selenium.test.tests.LoginTest" name="testLoginFieldValidation" time="16.248"/>
  <testcase classname="com.selenium.test.tests.LoginTest" name="testLogin" time="13.540"/>
  <testcase classname="com.selenium.test.tests.LoginTest" name="testLogin" time="15.335"/>
  <testcase classname="com.selenium.test.tests.LoginTest" name="testLogin" time="15.834"/>
  <testcase classname="com.selenium.test.tests.LoginTest" name="testLoginFieldValidation" time="19.033"/>
  <testcase classname="com.selenium.test.tests.LoginTest" name="testLogin" time="13.287"/>
  <testcase classname="com.selenium.test.tests.LoginTest" name="testLoginFieldValidation" time="16.565"/>
  <testcase classname="com.selenium.test.tests.LoginTest" name="testLogin" time="13.768"/>
  <testcase classname="com.selenium.test.tests.LoginTest" name="testLoginFieldValidation" time="13.083"/>
  <testcase classname="com.selenium.test.tests.LoginTest" name="testLoginFieldValidation" time="13.029"/>
  <testcase classname="com.selenium.test.tests.LoginTest" name="testLogin" time="13.426"/>
  <testcase classname="com.selenium.test.tests.LoginTest" name="testLoginFieldValidation" time="15.082"/>
  <testcase classname="com.selenium.test.tests.LoginTest" name="testLoginFieldValidation" time="13.646"/>
  <testcase classname="com.selenium.test.tests.LoginTest" name="testLogin" time="19.613"/>
</testsuite> <!-- com.selenium.test.tests.LoginTest -->
